<?xml version="1.0" encoding="UTF-8"?>
<!-- Generated by org.testng.reporters.JUnitReportReporter -->
<testsuite hostname="DESKTOP-4QVT8ST" failures="0" tests="1" name="TestMavenProject_Mavenproject.CookieEx" time="19.003" errors="0" timestamp="2021-04-28T19:35:59 IST" skipped="0">
  <testcase classname="TestMavenProject_Mavenproject.CookieEx" name="pageloadcomplete" time="19.003"/>
  <system-out/>
</testsuite> <!-- TestMavenProject_Mavenproject.CookieEx -->
